<?xml version="1.0" encoding="UTF-8"?>
<!-- Generated by org.testng.reporters.JUnitReportReporter -->
<testsuite hostname="sriharsha-PC" failures="0" tests="1" name="TestNG.simpleTest" time="0.025" errors="0" timestamp="21 Dec 2019 05:11:21 GMT">
  <testcase classname="TestNG.simpleTest" name="understanding1" time="0.025"/>
</testsuite> <!-- TestNG.simpleTest -->
