<?xml version="1.0" encoding="UTF-8"?>
<!-- Generated by org.testng.reporters.JUnitReportReporter -->
<testsuite hostname="sriharsha-PC" failures="0" tests="1" name="Com.QSPIDER.Excel.customertest" time="12.328" errors="0" timestamp="19 Dec 2019 12:17:23 GMT">
  <testcase classname="Com.QSPIDER.Excel.customertest" name="createCustomerTest" time="12.328"/>
</testsuite> <!-- Com.QSPIDER.Excel.customertest -->
