<?xml version="1.0" encoding="UTF-8"?>
<!-- Generated by org.testng.reporters.JUnitReportReporter -->
<testsuite hostname="sriharsha-PC" failures="0" tests="1" name="TestNG.simpleTest2" time="0.003" errors="0" timestamp="21 Dec 2019 05:11:21 GMT">
  <testcase classname="TestNG.simpleTest2" name="understanding2" time="0.003"/>
</testsuite> <!-- TestNG.simpleTest2 -->
