<?xml version="1.0" encoding="UTF-8"?>
<!-- Generated by org.testng.reporters.JUnitReportReporter -->
<testsuite hostname="sriharsha-PC" failures="0" tests="1" name="Com.vtiger1.LoginTestCases.verifyVtigerLogin" time="0.016" errors="0" timestamp="18 Dec 2019 14:56:23 GMT">
  <testcase classname="Com.vtiger1.LoginTestCases.verifyVtigerLogin" name="verifyValidLogin" time="0.016"/>
</testsuite> <!-- Com.vtiger1.LoginTestCases.verifyVtigerLogin -->
